<?xml version="1.0" encoding="UTF-8"?>
<testng-results ignored="0" total="0" passed="0" failed="0" skipped="0">
  <reporter-output>
  </reporter-output>
  <suite started-at="2026-03-11T15:08:51 IST" name="Surefire suite" finished-at="2026-03-11T15:09:04 IST" duration-ms="12699">
    <groups>
    </groups>
    <test started-at="2026-03-11T15:08:51 IST" name="Surefire test" finished-at="2026-03-11T15:09:04 IST" duration-ms="12699">
    </test> <!-- Surefire test -->
  </suite> <!-- Surefire suite -->
</testng-results>
